[brundle]s1567343: sh ./runFromShell.sh 
15/10/18 11:23:55 INFO fs.TrashPolicyDefault: Namenode trash configuration: Deletion interval = 0 minutes, Emptier interval = 0 minutes.
Deleted /user/s1567343/data/output
15/10/18 11:23:57 WARN streaming.StreamJob: -file option is deprecated, please use generic option -files instead.
15/10/18 11:23:58 WARN streaming.StreamJob: -jobconf option is deprecated, please use -D instead.
15/10/18 11:23:58 INFO Configuration.deprecation: mapred.job.name is deprecated. Instead, use mapreduce.job.name
packageJobJar: [mapTwoWords.py, /tmp/hadoop-unjar5794077550117406383/] [] /tmp/streamjob3194655243357711681.jar tmpDir=null
15/10/18 11:23:59 INFO client.RMProxy: Connecting to ResourceManager at strathisla.inf.ed.ac.uk/129.215.24.125:8032
15/10/18 11:23:59 INFO client.RMProxy: Connecting to ResourceManager at strathisla.inf.ed.ac.uk/129.215.24.125:8032
15/10/18 11:24:00 INFO mapred.FileInputFormat: Total input paths to process : 36
15/10/18 11:24:01 INFO mapreduce.JobSubmitter: number of splits:36
15/10/18 11:24:01 INFO mapreduce.JobSubmitter: Submitting tokens for job: job_1444115825080_9091
15/10/18 11:24:01 INFO impl.YarnClientImpl: Submitted application application_1444115825080_9091
15/10/18 11:24:01 INFO mapreduce.Job: The url to track the job: http://strathisla.inf.ed.ac.uk:8088/proxy/application_1444115825080_9091/
15/10/18 11:24:02 INFO mapreduce.Job: Running job: job_1444115825080_9091
15/10/18 11:24:09 INFO mapreduce.Job: Job job_1444115825080_9091 running in uber mode : false
15/10/18 11:24:09 INFO mapreduce.Job:  map 0% reduce 0%
15/10/18 11:24:19 INFO mapreduce.Job:  map 6% reduce 0%
15/10/18 11:24:20 INFO mapreduce.Job:  map 8% reduce 0%
15/10/18 11:24:21 INFO mapreduce.Job:  map 25% reduce 0%
15/10/18 11:24:22 INFO mapreduce.Job:  map 29% reduce 0%
15/10/18 11:24:23 INFO mapreduce.Job:  map 32% reduce 0%
15/10/18 11:24:24 INFO mapreduce.Job:  map 42% reduce 0%
15/10/18 11:24:25 INFO mapreduce.Job:  map 45% reduce 0%
15/10/18 11:24:26 INFO mapreduce.Job:  map 46% reduce 0%
15/10/18 11:24:27 INFO mapreduce.Job:  map 53% reduce 0%
15/10/18 11:24:28 INFO mapreduce.Job:  map 55% reduce 0%
15/10/18 11:24:29 INFO mapreduce.Job:  map 57% reduce 0%
15/10/18 11:24:30 INFO mapreduce.Job:  map 63% reduce 0%
15/10/18 11:24:31 INFO mapreduce.Job:  map 65% reduce 0%
15/10/18 11:24:33 INFO mapreduce.Job:  map 66% reduce 0%
15/10/18 11:24:34 INFO mapreduce.Job:  map 72% reduce 0%
15/10/18 11:24:36 INFO mapreduce.Job:  map 77% reduce 0%
15/10/18 11:24:37 INFO mapreduce.Job:  map 78% reduce 0%
15/10/18 11:24:39 INFO mapreduce.Job:  map 80% reduce 0%
15/10/18 11:24:40 INFO mapreduce.Job:  map 82% reduce 0%
15/10/18 11:24:42 INFO mapreduce.Job:  map 83% reduce 0%
15/10/18 11:24:43 INFO mapreduce.Job:  map 85% reduce 0%
15/10/18 11:24:47 INFO mapreduce.Job:  map 86% reduce 0%
15/10/18 11:24:48 INFO mapreduce.Job:  map 89% reduce 0%
15/10/18 11:24:49 INFO mapreduce.Job:  map 94% reduce 1%
15/10/18 11:24:50 INFO mapreduce.Job:  map 95% reduce 1%
15/10/18 11:24:51 INFO mapreduce.Job:  map 97% reduce 1%
15/10/18 11:24:52 INFO mapreduce.Job:  map 100% reduce 5%
15/10/18 11:25:11 INFO mapreduce.Job:  map 100% reduce 6%
15/10/18 11:25:14 INFO mapreduce.Job:  map 100% reduce 8%
15/10/18 11:25:32 INFO mapreduce.Job:  map 100% reduce 9%
15/10/18 11:25:35 INFO mapreduce.Job:  map 100% reduce 12%
15/10/18 11:25:54 INFO mapreduce.Job:  map 100% reduce 13%
15/10/18 11:25:57 INFO mapreduce.Job:  map 100% reduce 16%
15/10/18 11:26:16 INFO mapreduce.Job:  map 100% reduce 18%
15/10/18 11:26:20 INFO mapreduce.Job:  map 100% reduce 19%
15/10/18 11:26:38 INFO mapreduce.Job:  map 100% reduce 23%
15/10/18 11:26:59 INFO mapreduce.Job:  map 100% reduce 26%
15/10/18 11:27:02 INFO mapreduce.Job:  map 100% reduce 27%
15/10/18 11:27:21 INFO mapreduce.Job:  map 100% reduce 31%
15/10/18 11:27:39 INFO mapreduce.Job:  map 100% reduce 33%
15/10/18 11:27:48 INFO mapreduce.Job:  map 100% reduce 67%
15/10/18 11:27:54 INFO mapreduce.Job:  map 100% reduce 69%
15/10/18 11:27:57 INFO mapreduce.Job:  map 100% reduce 71%
15/10/18 11:28:00 INFO mapreduce.Job:  map 100% reduce 72%
15/10/18 11:28:03 INFO mapreduce.Job:  map 100% reduce 74%
15/10/18 11:28:07 INFO mapreduce.Job:  map 100% reduce 75%
15/10/18 11:28:10 INFO mapreduce.Job:  map 100% reduce 77%
15/10/18 11:28:13 INFO mapreduce.Job:  map 100% reduce 78%
15/10/18 11:28:16 INFO mapreduce.Job:  map 100% reduce 80%
15/10/18 11:28:19 INFO mapreduce.Job:  map 100% reduce 81%
15/10/18 11:28:22 INFO mapreduce.Job:  map 100% reduce 83%
15/10/18 11:28:25 INFO mapreduce.Job:  map 100% reduce 84%
15/10/18 11:28:28 INFO mapreduce.Job:  map 100% reduce 86%
15/10/18 11:28:31 INFO mapreduce.Job:  map 100% reduce 87%
15/10/18 11:28:34 INFO mapreduce.Job:  map 100% reduce 89%
15/10/18 11:28:37 INFO mapreduce.Job:  map 100% reduce 91%
15/10/18 11:28:40 INFO mapreduce.Job:  map 100% reduce 92%
15/10/18 11:28:43 INFO mapreduce.Job:  map 100% reduce 93%
15/10/18 11:28:46 INFO mapreduce.Job:  map 100% reduce 95%
15/10/18 11:28:49 INFO mapreduce.Job:  map 100% reduce 96%
15/10/18 11:28:52 INFO mapreduce.Job:  map 100% reduce 98%
15/10/18 11:28:55 INFO mapreduce.Job:  map 100% reduce 99%
15/10/18 11:28:57 INFO mapreduce.Job:  map 100% reduce 100%
15/10/18 11:28:59 INFO mapreduce.Job: Job job_1444115825080_9091 completed successfully
15/10/18 11:28:59 INFO mapreduce.Job: Counters: 51
	File System Counters
		FILE: Number of bytes read=1478471351
		FILE: Number of bytes written=2433677238
		FILE: Number of read operations=0
		FILE: Number of large read operations=0
		FILE: Number of write operations=0
		HDFS: Number of bytes read=656886484
		HDFS: Number of bytes written=136098775
		HDFS: Number of read operations=111
		HDFS: Number of large read operations=0
		HDFS: Number of write operations=2
	Job Counters 
		Killed map tasks=2
		Launched map tasks=38
		Launched reduce tasks=1
		Data-local map tasks=26
		Rack-local map tasks=12
		Total time spent by all maps in occupied slots (ms)=8763040
		Total time spent by all reduces in occupied slots (ms)=2142136
		Total time spent by all map tasks (ms)=1095380
		Total time spent by all reduce tasks (ms)=267767
		Total vcore-seconds taken by all map tasks=1095380
		Total vcore-seconds taken by all reduce tasks=267767
		Total megabyte-seconds taken by all map tasks=1121669120
		Total megabyte-seconds taken by all reduce tasks=274193408
	Map-Reduce Framework
		Map input records=1865580
		Map output records=121647869
		Map output bytes=3114788328
		Map output materialized bytes=950820943
		Input split bytes=4932
		Combine input records=153211925
		Combine output records=48632161
		Reduce input groups=8136406
		Reduce shuffle bytes=950820943
		Reduce input records=17068105
		Reduce output records=8136406
		Spilled Records=80196217
		Shuffled Maps =36
		Failed Shuffles=0
		Merged Map outputs=36
		GC time elapsed (ms)=35619
		CPU time spent (ms)=991910
		Physical memory (bytes) snapshot=9874771968
		Virtual memory (bytes) snapshot=70760411136
		Total committed heap usage (bytes)=7535591424
	Shuffle Errors
		BAD_ID=0
		CONNECTION=0
		IO_ERROR=0
		WRONG_LENGTH=0
		WRONG_MAP=0
		WRONG_REDUCE=0
	File Input Format Counters 
		Bytes Read=656881552
	File Output Format Counters 
		Bytes Written=136098775
15/10/18 11:28:59 INFO streaming.StreamJob: Output directory: /user/s1567343/data/output
15/10/18 11:29:26 WARN hdfs.DFSClient: DFSInputStream has been closed already
15/10/18 11:29:30 INFO fs.TrashPolicyDefault: Namenode trash configuration: Deletion interval = 0 minutes, Emptier interval = 0 minutes.
Deleted /user/s1567343/data/input/word_pairs/part-00000
15/10/18 11:29:46 WARN hdfs.DFSClient: DFSInputStream has been closed already
Done. check local output directory
